------------------------------------------------------------
2021-05-26 21:17:38,584 [1] - System.FormatException: 输入字符串的格式不正确。
   在 System.Number.ParseDouble(String value, NumberStyles options, NumberFormatInfo numfmt)
   在 System.Double.Parse(String s)
   在 text.doors.Detection.PlaneDeformation.GetPlaneDeformationInfo() 位置 E:\08-GitHub\jky-doors-3x-mqzhxn\text.doors\Detection\PlaneDeformation.cs:行号 166
   在 text.doors.Detection.PlaneDeformation.BindDGV() 位置 E:\08-GitHub\jky-doors-3x-mqzhxn\text.doors\Detection\PlaneDeformation.cs:行号 129
   在 text.doors.Detection.PlaneDeformation.Init() 位置 E:\08-GitHub\jky-doors-3x-mqzhxn\text.doors\Detection\PlaneDeformation.cs:行号 54
   在 text.doors.Detection.PlaneDeformation..ctor(SerialPortClient serialPortClient, String tempCode) 位置 E:\08-GitHub\jky-doors-3x-mqzhxn\text.doors\Detection\PlaneDeformation.cs:行号 41
   在 text.doors.MainForm.ShowPlaneDeformation() 位置 E:\08-GitHub\jky-doors-3x-mqzhxn\text.doors\MainForm.cs:行号 233
   在 text.doors.MainForm.tsb_PlaneDeformation_Click(Object sender, EventArgs e) 位置 E:\08-GitHub\jky-doors-3x-mqzhxn\text.doors\MainForm.cs:行号 798
   在 System.Windows.Forms.ToolStripItem.RaiseEvent(Object key, EventArgs e)
   在 System.Windows.Forms.ToolStripButton.OnClick(EventArgs e)
   在 System.Windows.Forms.ToolStripItem.HandleClick(EventArgs e)
   在 System.Windows.Forms.ToolStripItem.HandleMouseUp(MouseEventArgs e)
   在 System.Windows.Forms.ToolStripItem.FireEventInteractive(EventArgs e, ToolStripItemEventType met)
   在 System.Windows.Forms.ToolStripItem.FireEvent(EventArgs e, ToolStripItemEventType met)
   在 System.Windows.Forms.ToolStrip.OnMouseUp(MouseEventArgs mea)
   在 System.Windows.Forms.Control.WmMouseUp(Message& m, MouseButtons button, Int32 clicks)
   在 System.Windows.Forms.Control.WndProc(Message& m)
   在 System.Windows.Forms.ScrollableControl.WndProc(Message& m)
   在 System.Windows.Forms.ToolStrip.WndProc(Message& m)
   在 System.Windows.Forms.Control.ControlNativeWindow.OnMessage(Message& m)
   在 System.Windows.Forms.Control.ControlNativeWindow.WndProc(Message& m)
   在 System.Windows.Forms.NativeWindow.Callback(IntPtr hWnd, Int32 msg, IntPtr wparam, IntPtr lparam)
2021-05-26 21:18:13,672 [1] - System.ArgumentNullException: 值不能为 null。
参数名: value
   在 System.Number.ParseDouble(String value, NumberStyles options, NumberFormatInfo numfmt)
   在 System.Double.Parse(String s)
   在 text.doors.Detection.PlaneDeformation.GetPlaneDeformationInfo() 位置 E:\08-GitHub\jky-doors-3x-mqzhxn\text.doors\Detection\PlaneDeformation.cs:行号 166
   在 text.doors.Detection.PlaneDeformation.BindDGV() 位置 E:\08-GitHub\jky-doors-3x-mqzhxn\text.doors\Detection\PlaneDeformation.cs:行号 129
   在 text.doors.Detection.PlaneDeformation.Init() 位置 E:\08-GitHub\jky-doors-3x-mqzhxn\text.doors\Detection\PlaneDeformation.cs:行号 54
   在 text.doors.Detection.PlaneDeformation..ctor(SerialPortClient serialPortClient, String tempCode) 位置 E:\08-GitHub\jky-doors-3x-mqzhxn\text.doors\Detection\PlaneDeformation.cs:行号 41
   在 text.doors.MainForm.ShowPlaneDeformation() 位置 E:\08-GitHub\jky-doors-3x-mqzhxn\text.doors\MainForm.cs:行号 233
   在 text.doors.MainForm.tsb_PlaneDeformation_Click(Object sender, EventArgs e) 位置 E:\08-GitHub\jky-doors-3x-mqzhxn\text.doors\MainForm.cs:行号 798
   在 System.Windows.Forms.ToolStripItem.RaiseEvent(Object key, EventArgs e)
   在 System.Windows.Forms.ToolStripButton.OnClick(EventArgs e)
   在 System.Windows.Forms.ToolStripItem.HandleClick(EventArgs e)
   在 System.Windows.Forms.ToolStripItem.HandleMouseUp(MouseEventArgs e)
   在 System.Windows.Forms.ToolStripItem.FireEventInteractive(EventArgs e, ToolStripItemEventType met)
   在 System.Windows.Forms.ToolStripItem.FireEvent(EventArgs e, ToolStripItemEventType met)
   在 System.Windows.Forms.ToolStrip.OnMouseUp(MouseEventArgs mea)
   在 System.Windows.Forms.Control.WmMouseUp(Message& m, MouseButtons button, Int32 clicks)
   在 System.Windows.Forms.Control.WndProc(Message& m)
   在 System.Windows.Forms.ScrollableControl.WndProc(Message& m)
   在 System.Windows.Forms.ToolStrip.WndProc(Message& m)
   在 System.Windows.Forms.Control.ControlNativeWindow.OnMessage(Message& m)
   在 System.Windows.Forms.Control.ControlNativeWindow.WndProc(Message& m)
   在 System.Windows.Forms.NativeWindow.Callback(IntPtr hWnd, Int32 msg, IntPtr wparam, IntPtr lparam)
------------------------------------------------------------
------------------------------------------------------------
------------------------------------------------------------
------------------------------------------------------------
------------------------------------------------------------
------------------------------------------------------------
------------------------------------------------------------
