------------------------------------------------------------
2021-05-28 21:32:46,516 [1] - System.FormatException: 输入字符串的格式不正确。
   在 System.Number.StringToNumber(String str, NumberStyles options, NumberBuffer& number, NumberFormatInfo info, Boolean parseDecimal)
   在 System.Number.ParseInt32(String s, NumberStyles style, NumberFormatInfo info)
   在 System.Int32.Parse(String s)
   在 text.doors.dal.DAL_dt_qm_Info.GetQMZB(String code) 位置 E:\08-GitHub\jky-doors-3x-mqzhxn\text.doors\Service\DAL_dt_qm_Info.cs:行号 110
   在 text.doors.Detection.AirtightDetection.GetWindSpeed() 位置 E:\08-GitHub\jky-doors-3x-mqzhxn\text.doors\Detection\AirtightDetection.cs:行号 130
   在 text.doors.Detection.AirtightDetection..ctor(SerialPortClient tcpClient, String tempCode, String tempTong) 位置 E:\08-GitHub\jky-doors-3x-mqzhxn\text.doors\Detection\AirtightDetection.cs:行号 74
   在 text.doors.MainForm.ShowAirtightDetection() 位置 E:\08-GitHub\jky-doors-3x-mqzhxn\text.doors\MainForm.cs:行号 265
   在 text.doors.MainForm.SelectDangHao(BottomType bt) 位置 E:\08-GitHub\jky-doors-3x-mqzhxn\text.doors\MainForm.cs:行号 139
   在 text.doors.Detection.DetectionSet.btn_Ok_Click(Object sender, EventArgs e) 位置 E:\08-GitHub\jky-doors-3x-mqzhxn\text.doors\Detection\DetectionSet.cs:行号 57
------------------------------------------------------------
2021-05-28 21:33:19,651 [1] - System.FormatException: 输入字符串的格式不正确。
   在 System.Number.StringToNumber(String str, NumberStyles options, NumberBuffer& number, NumberFormatInfo info, Boolean parseDecimal)
   在 System.Number.ParseInt32(String s, NumberStyles style, NumberFormatInfo info)
   在 System.Int32.Parse(String s)
   在 text.doors.dal.DAL_dt_qm_Info.GetQMZB(String code) 位置 E:\08-GitHub\jky-doors-3x-mqzhxn\text.doors\Service\DAL_dt_qm_Info.cs:行号 110
   在 text.doors.Detection.AirtightDetection.GetWindSpeed() 位置 E:\08-GitHub\jky-doors-3x-mqzhxn\text.doors\Detection\AirtightDetection.cs:行号 130
   在 text.doors.Detection.AirtightDetection..ctor(SerialPortClient tcpClient, String tempCode, String tempTong) 位置 E:\08-GitHub\jky-doors-3x-mqzhxn\text.doors\Detection\AirtightDetection.cs:行号 74
   在 text.doors.MainForm.ShowAirtightDetection() 位置 E:\08-GitHub\jky-doors-3x-mqzhxn\text.doors\MainForm.cs:行号 265
   在 text.doors.MainForm.SelectDangHao(BottomType bt) 位置 E:\08-GitHub\jky-doors-3x-mqzhxn\text.doors\MainForm.cs:行号 139
   在 text.doors.Detection.DetectionSet.btn_Ok_Click(Object sender, EventArgs e) 位置 E:\08-GitHub\jky-doors-3x-mqzhxn\text.doors\Detection\DetectionSet.cs:行号 57
------------------------------------------------------------
------------------------------------------------------------
------------------------------------------------------------
------------------------------------------------------------
------------------------------------------------------------
------------------------------------------------------------
------------------------------------------------------------
------------------------------------------------------------
------------------------------------------------------------
------------------------------------------------------------
------------------------------------------------------------
------------------------------------------------------------
------------------------------------------------------------
------------------------------------------------------------
------------------------------------------------------------
------------------------------------------------------------
2021-05-28 22:39:03,909 [1] - System.ArgumentException: 列“KKST”不属于表 Table。
   在 System.Data.DataRow.GetDataColumn(String columnName)
   在 System.Data.DataRow.get_Item(String columnName)
   在 text.doors.dal.DAL_dt_qm_Info.GetQMZB(String code) 位置 E:\08-GitHub\jky-doors-3x-mqzhxn\text.doors\Service\DAL_dt_qm_Info.cs:行号 107
   在 text.doors.Detection.AirtightDetection.GetWindSpeed() 位置 E:\08-GitHub\jky-doors-3x-mqzhxn\text.doors\Detection\AirtightDetection.cs:行号 130
   在 text.doors.Detection.AirtightDetection..ctor(SerialPortClient tcpClient, String tempCode, String tempTong) 位置 E:\08-GitHub\jky-doors-3x-mqzhxn\text.doors\Detection\AirtightDetection.cs:行号 74
   在 text.doors.MainForm.ShowAirtightDetection() 位置 E:\08-GitHub\jky-doors-3x-mqzhxn\text.doors\MainForm.cs:行号 265
   在 text.doors.MainForm.SelectDangHao(BottomType bt) 位置 E:\08-GitHub\jky-doors-3x-mqzhxn\text.doors\MainForm.cs:行号 139
   在 text.doors.Detection.DetectionSet.btn_Ok_Click(Object sender, EventArgs e) 位置 E:\08-GitHub\jky-doors-3x-mqzhxn\text.doors\Detection\DetectionSet.cs:行号 57
2021-05-28 22:39:12,626 [1] - System.ArgumentException: 列“KKST”不属于表 Table。
   在 System.Data.DataRow.GetDataColumn(String columnName)
   在 System.Data.DataRow.get_Item(String columnName)
   在 text.doors.dal.DAL_dt_qm_Info.GetQMZB(String code) 位置 E:\08-GitHub\jky-doors-3x-mqzhxn\text.doors\Service\DAL_dt_qm_Info.cs:行号 107
   在 text.doors.Detection.AirtightDetection.GetWindSpeed() 位置 E:\08-GitHub\jky-doors-3x-mqzhxn\text.doors\Detection\AirtightDetection.cs:行号 130
   在 text.doors.Detection.AirtightDetection..ctor(SerialPortClient tcpClient, String tempCode, String tempTong) 位置 E:\08-GitHub\jky-doors-3x-mqzhxn\text.doors\Detection\AirtightDetection.cs:行号 74
   在 text.doors.MainForm.ShowAirtightDetection() 位置 E:\08-GitHub\jky-doors-3x-mqzhxn\text.doors\MainForm.cs:行号 265
   在 text.doors.MainForm.tsb_watertight_Click(Object sender, EventArgs e) 位置 E:\08-GitHub\jky-doors-3x-mqzhxn\text.doors\MainForm.cs:行号 532
   在 System.Windows.Forms.ToolStripItem.RaiseEvent(Object key, EventArgs e)
   在 System.Windows.Forms.ToolStripButton.OnClick(EventArgs e)
   在 System.Windows.Forms.ToolStripItem.HandleClick(EventArgs e)
   在 System.Windows.Forms.ToolStripItem.HandleMouseUp(MouseEventArgs e)
   在 System.Windows.Forms.ToolStripItem.FireEventInteractive(EventArgs e, ToolStripItemEventType met)
   在 System.Windows.Forms.ToolStripItem.FireEvent(EventArgs e, ToolStripItemEventType met)
   在 System.Windows.Forms.ToolStrip.OnMouseUp(MouseEventArgs mea)
   在 System.Windows.Forms.Control.WmMouseUp(Message& m, MouseButtons button, Int32 clicks)
   在 System.Windows.Forms.Control.WndProc(Message& m)
   在 System.Windows.Forms.ScrollableControl.WndProc(Message& m)
   在 System.Windows.Forms.ToolStrip.WndProc(Message& m)
   在 System.Windows.Forms.Control.ControlNativeWindow.OnMessage(Message& m)
   在 System.Windows.Forms.Control.ControlNativeWindow.WndProc(Message& m)
   在 System.Windows.Forms.NativeWindow.Callback(IntPtr hWnd, Int32 msg, IntPtr wparam, IntPtr lparam)
------------------------------------------------------------
------------------------------------------------------------
------------------------------------------------------------
------------------------------------------------------------
------------------------------------------------------------
------------------------------------------------------------
------------------------------------------------------------
------------------------------------------------------------
------------------------------------------------------------
------------------------------------------------------------
------------------------------------------------------------
------------------------------------------------------------
------------------------------------------------------------
