------------------------------------------------------------
2021-05-31 00:00:28,260 [1] - A_F1000A1
2021-05-31 00:00:28,266 [1] - A_F1000A2
2021-05-31 00:00:28,272 [1] - A_F1000A3
2021-05-31 00:00:28,277 [1] - A_F1000ND
2021-05-31 00:00:28,282 [1] - A_F1250A1
2021-05-31 00:00:28,287 [1] - A_F1250A2
2021-05-31 00:00:28,292 [1] - A_F1250A3
2021-05-31 00:00:28,300 [1] - A_F1250ND
2021-05-31 00:00:28,307 [1] - A_F1500A1
2021-05-31 00:00:28,314 [1] - A_F1500A2
2021-05-31 00:00:28,319 [1] - A_F1500A3
2021-05-31 00:00:28,324 [1] - A_F1500ND
2021-05-31 00:00:28,330 [1] - A_F1750A1
2021-05-31 00:00:28,338 [1] - A_F1750A2
2021-05-31 00:00:28,343 [1] - A_F1750A3
2021-05-31 00:00:28,348 [1] - A_F1750ND
2021-05-31 00:00:28,353 [1] - A_F2000A1
2021-05-31 00:00:28,358 [1] - A_F2000A2
2021-05-31 00:00:28,364 [1] - A_F2000A3
2021-05-31 00:00:28,370 [1] - A_F2000ND
2021-05-31 00:00:28,376 [1] - A_F250A1
2021-05-31 00:00:28,383 [1] - A_F250A2
2021-05-31 00:00:28,388 [1] - A_F250A3
2021-05-31 00:00:28,394 [1] - A_F250ND
2021-05-31 00:00:28,400 [1] - A_F500A1
2021-05-31 00:00:28,405 [1] - A_F500A2
2021-05-31 00:00:28,410 [1] - A_F500A3
2021-05-31 00:00:28,415 [1] - A_F500ND
2021-05-31 00:00:28,421 [1] - A_F750A1
2021-05-31 00:00:28,427 [1] - A_F750A2
2021-05-31 00:00:28,434 [1] - A_F750A3
2021-05-31 00:00:28,439 [1] - A_F750ND
2021-05-31 00:00:28,444 [1] - A_FP1
2021-05-31 00:00:28,451 [1] - A_FP2
2021-05-31 00:00:28,457 [1] - A_FP3
2021-05-31 00:00:28,463 [1] - A_FP3重复2
2021-05-31 00:00:28,468 [1] - A_FP3重复3
2021-05-31 00:00:28,473 [1] - A_FP3重复4
2021-05-31 00:00:28,477 [1] - A_FPMAX
2021-05-31 00:00:28,481 [1] - A_p3A1
2021-05-31 00:00:28,486 [1] - A_p3A2
2021-05-31 00:00:28,491 [1] - A_p3A3
2021-05-31 00:00:28,496 [1] - A_p3ND
2021-05-31 00:00:28,501 [1] - A_Z1000A1
2021-05-31 00:00:28,506 [1] - A_Z1000A2
2021-05-31 00:00:28,510 [1] - A_Z1000A3
2021-05-31 00:00:28,515 [1] - A_Z1000ND
2021-05-31 00:00:28,519 [1] - A_Z1250A1
2021-05-31 00:00:28,524 [1] - A_Z1250A2
2021-05-31 00:00:28,529 [1] - A_Z1250A3
2021-05-31 00:00:28,533 [1] - A_Z1250ND
2021-05-31 00:00:28,538 [1] - A_Z1500A1
2021-05-31 00:00:28,542 [1] - A_Z1500A2
2021-05-31 00:00:28,547 [1] - A_Z1500A3
2021-05-31 00:00:28,551 [1] - A_Z1500ND
2021-05-31 00:00:28,557 [1] - A_Z1750A1
2021-05-31 00:00:28,561 [1] - A_Z1750A2
2021-05-31 00:00:28,566 [1] - A_Z1750A3
2021-05-31 00:00:28,571 [1] - A_Z1750ND
2021-05-31 00:00:28,576 [1] - A_Z2000A1
2021-05-31 00:00:28,580 [1] - A_Z2000A2
2021-05-31 00:00:28,585 [1] - A_Z2000A3
2021-05-31 00:00:28,589 [1] - A_Z2000ND
2021-05-31 00:00:28,595 [1] - A_Z250A1
2021-05-31 00:00:28,599 [1] - A_Z250A2
2021-05-31 00:00:28,605 [1] - A_Z250A3
2021-05-31 00:00:28,610 [1] - A_Z250ND
2021-05-31 00:00:28,616 [1] - A_Z500A1
2021-05-31 00:00:28,622 [1] - A_Z500A2
2021-05-31 00:00:28,626 [1] - A_Z500A3
2021-05-31 00:00:28,631 [1] - A_Z500ND
2021-05-31 00:00:28,637 [1] - A_Z750A1
2021-05-31 00:00:28,642 [1] - A_Z750A2
2021-05-31 00:00:28,647 [1] - A_Z750A3
2021-05-31 00:00:28,652 [1] - A_Z750ND
2021-05-31 00:00:28,657 [1] - A_ZP1
2021-05-31 00:00:28,661 [1] - A_ZP2
2021-05-31 00:00:28,667 [1] - A_ZP3
2021-05-31 00:00:28,671 [1] - A_ZP3重复2
2021-05-31 00:00:28,676 [1] - A_ZP3重复3
2021-05-31 00:00:28,680 [1] - A_ZP3重复4
2021-05-31 00:00:28,685 [1] - A_ZPMAX
2021-05-31 00:00:28,690 [1] - Ap3A1
2021-05-31 00:00:28,694 [1] - Ap3A2
2021-05-31 00:00:28,700 [1] - Ap3A3
2021-05-31 00:00:28,704 [1] - Ap3ND
2021-05-31 00:00:28,763 [1] - B_F1000B1
2021-05-31 00:00:28,767 [1] - B_F1000B2
2021-05-31 00:00:28,772 [1] - B_F1000B3
2021-05-31 00:00:28,777 [1] - B_F1000ND
2021-05-31 00:00:28,782 [1] - B_F1250B1
2021-05-31 00:00:28,788 [1] - B_F1250B2
2021-05-31 00:00:28,793 [1] - B_F1250B3
2021-05-31 00:00:28,798 [1] - B_F1250ND
2021-05-31 00:00:28,803 [1] - B_F1500B1
2021-05-31 00:00:28,809 [1] - B_F1500B2
2021-05-31 00:00:28,813 [1] - B_F1500B3
2021-05-31 00:00:28,818 [1] - B_F1500ND
2021-05-31 00:00:28,823 [1] - B_F1750B1
2021-05-31 00:00:28,828 [1] - B_F1750B2
2021-05-31 00:00:28,833 [1] - B_F1750B3
2021-05-31 00:00:28,838 [1] - B_F1750ND
2021-05-31 00:00:28,843 [1] - B_F2000B1
2021-05-31 00:00:28,847 [1] - B_F2000B2
2021-05-31 00:00:28,852 [1] - B_F2000B3
2021-05-31 00:00:28,858 [1] - B_F2000ND
2021-05-31 00:00:28,863 [1] - B_F250B1
2021-05-31 00:00:28,867 [1] - B_F250B2
2021-05-31 00:00:28,872 [1] - B_F250B3
2021-05-31 00:00:28,876 [1] - B_F250ND
2021-05-31 00:00:28,881 [1] - B_F500B1
2021-05-31 00:00:28,886 [1] - B_F500B2
2021-05-31 00:00:28,890 [1] - B_F500B3
2021-05-31 00:00:28,895 [1] - B_F500ND
2021-05-31 00:00:28,900 [1] - B_F750B1
2021-05-31 00:00:28,904 [1] - B_F750B2
2021-05-31 00:00:28,909 [1] - B_F750B3
2021-05-31 00:00:28,914 [1] - B_F750ND
2021-05-31 00:00:28,918 [1] - B_FP1
2021-05-31 00:00:28,923 [1] - B_FP2
2021-05-31 00:00:28,928 [1] - B_FP3
2021-05-31 00:00:28,932 [1] - B_FPMAX
2021-05-31 00:00:28,937 [1] - B_p3B1
2021-05-31 00:00:28,941 [1] - B_p3B2
2021-05-31 00:00:28,946 [1] - B_p3B3
2021-05-31 00:00:28,950 [1] - B_p3ND
2021-05-31 00:00:28,955 [1] - B_Z1000B1
2021-05-31 00:00:28,960 [1] - B_Z1000B2
2021-05-31 00:00:28,965 [1] - B_Z1000B3
2021-05-31 00:00:28,970 [1] - B_Z1000ND
2021-05-31 00:00:28,975 [1] - B_Z1250B1
2021-05-31 00:00:28,980 [1] - B_Z1250B2
2021-05-31 00:00:28,985 [1] - B_Z1250B3
2021-05-31 00:00:28,990 [1] - B_Z1250ND
2021-05-31 00:00:28,995 [1] - B_Z1500B1
2021-05-31 00:00:29,000 [1] - B_Z1500B2
2021-05-31 00:00:29,006 [1] - B_Z1500B3
2021-05-31 00:00:29,011 [1] - B_Z1500ND
2021-05-31 00:00:29,016 [1] - B_Z1750B1
2021-05-31 00:00:29,021 [1] - B_Z1750B2
2021-05-31 00:00:29,025 [1] - B_Z1750B3
2021-05-31 00:00:29,030 [1] - B_Z1750BND
2021-05-31 00:00:29,034 [1] - B_Z2000B1
2021-05-31 00:00:29,039 [1] - B_Z2000B2
2021-05-31 00:00:29,044 [1] - B_Z2000B3
2021-05-31 00:00:29,048 [1] - B_Z2000ND
2021-05-31 00:00:29,053 [1] - B_Z250B1
2021-05-31 00:00:29,059 [1] - B_Z250B2
2021-05-31 00:00:29,064 [1] - B_Z250B3
2021-05-31 00:00:29,068 [1] - B_Z250ND
2021-05-31 00:00:29,072 [1] - B_Z500B1
2021-05-31 00:00:29,077 [1] - B_Z500B2
2021-05-31 00:00:29,082 [1] - B_Z500B3
2021-05-31 00:00:29,087 [1] - B_Z500ND
2021-05-31 00:00:29,091 [1] - B_Z750B1
2021-05-31 00:00:29,096 [1] - B_Z750B2
2021-05-31 00:00:29,100 [1] - B_Z750B3
2021-05-31 00:00:29,105 [1] - B_Z750ND
2021-05-31 00:00:29,109 [1] - B_ZP1
2021-05-31 00:00:29,114 [1] - B_ZP2
2021-05-31 00:00:29,119 [1] - B_ZP3
2021-05-31 00:00:29,124 [1] - B_ZPMAX
2021-05-31 00:00:29,128 [1] - Bp3B1
2021-05-31 00:00:29,133 [1] - Bp3B2
2021-05-31 00:00:29,137 [1] - Bp3B3
2021-05-31 00:00:29,142 [1] - Bp3ND
2021-05-31 00:00:29,147 [1] - C_F1000B1
2021-05-31 00:00:29,152 [1] - C_F1000B2
2021-05-31 00:00:29,157 [1] - C_F1000B3
2021-05-31 00:00:29,161 [1] - C_F1000ND
2021-05-31 00:00:29,166 [1] - C_F1250B1
2021-05-31 00:00:29,170 [1] - C_F1250B2
2021-05-31 00:00:29,175 [1] - C_F1250B3
2021-05-31 00:00:29,181 [1] - C_F1250ND
2021-05-31 00:00:29,185 [1] - C_F1500B1
2021-05-31 00:00:29,190 [1] - C_F1500B2
2021-05-31 00:00:29,195 [1] - C_F1500B3
2021-05-31 00:00:29,200 [1] - C_F1500ND
2021-05-31 00:00:29,205 [1] - C_F1750B1
2021-05-31 00:00:29,210 [1] - C_F1750B2
2021-05-31 00:00:29,215 [1] - C_F1750B3
2021-05-31 00:00:29,220 [1] - C_F1750ND
2021-05-31 00:00:29,224 [1] - C_F2000B1
2021-05-31 00:00:29,229 [1] - C_F2000B2
2021-05-31 00:00:29,234 [1] - C_F2000B3
2021-05-31 00:00:29,238 [1] - C_F2000ND
2021-05-31 00:00:29,243 [1] - C_F250B1
2021-05-31 00:00:29,247 [1] - C_F250B2
2021-05-31 00:00:29,252 [1] - C_F250B3
2021-05-31 00:00:29,258 [1] - C_F250ND
2021-05-31 00:00:29,316 [1] - C_F500B1
2021-05-31 00:00:29,321 [1] - C_F500B2
2021-05-31 00:00:29,327 [1] - C_F500B3
2021-05-31 00:00:29,331 [1] - C_F500ND
2021-05-31 00:00:29,337 [1] - C_F750B1
2021-05-31 00:00:29,342 [1] - C_F750B2
2021-05-31 00:00:29,346 [1] - C_F750B3
2021-05-31 00:00:29,351 [1] - C_F750ND
2021-05-31 00:00:29,356 [1] - C_FP1
2021-05-31 00:00:29,360 [1] - C_FP2
2021-05-31 00:00:29,365 [1] - C_FP3
2021-05-31 00:00:29,369 [1] - C_FPMAX
2021-05-31 00:00:29,374 [1] - C_p3C1
2021-05-31 00:00:29,378 [1] - C_p3C2
2021-05-31 00:00:29,383 [1] - C_p3C3
2021-05-31 00:00:29,388 [1] - C_p3ND
2021-05-31 00:00:29,392 [1] - C_Z1000C1
2021-05-31 00:00:29,397 [1] - C_Z1000C2
2021-05-31 00:00:29,402 [1] - C_Z1000C3
2021-05-31 00:00:29,406 [1] - C_Z1000ND
2021-05-31 00:00:29,411 [1] - C_Z1250C1
2021-05-31 00:00:29,415 [1] - C_Z1250C2
2021-05-31 00:00:29,422 [1] - C_Z1250C3
2021-05-31 00:00:29,427 [1] - C_Z1250ND
2021-05-31 00:00:29,431 [1] - C_Z1500C1
2021-05-31 00:00:29,436 [1] - C_Z1500C2
2021-05-31 00:00:29,441 [1] - C_Z1500C3
2021-05-31 00:00:29,445 [1] - C_Z1500ND
2021-05-31 00:00:29,451 [1] - C_Z1750C1
2021-05-31 00:00:29,455 [1] - C_Z1750C2
2021-05-31 00:00:29,460 [1] - C_Z1750C3
2021-05-31 00:00:29,468 [1] - C_Z1750ND
2021-05-31 00:00:29,474 [1] - C_Z2000C1
2021-05-31 00:00:29,481 [1] - C_Z2000C2
2021-05-31 00:00:29,488 [1] - C_Z2000C3
2021-05-31 00:00:29,495 [1] - C_Z2000ND
2021-05-31 00:00:29,500 [1] - C_Z250C1
2021-05-31 00:00:29,505 [1] - C_Z250C2
2021-05-31 00:00:29,510 [1] - C_Z250C3
2021-05-31 00:00:29,515 [1] - C_Z250ND
2021-05-31 00:00:29,520 [1] - C_Z500C1
2021-05-31 00:00:29,525 [1] - C_Z500C2
2021-05-31 00:00:29,530 [1] - C_Z500C3
2021-05-31 00:00:29,534 [1] - C_Z500ND
2021-05-31 00:00:29,539 [1] - C_Z750C1
2021-05-31 00:00:29,545 [1] - C_Z750C2
2021-05-31 00:00:29,549 [1] - C_Z750C3
2021-05-31 00:00:29,557 [1] - C_Z750ND
2021-05-31 00:00:29,562 [1] - C_ZP1
2021-05-31 00:00:29,566 [1] - C_ZP2
2021-05-31 00:00:29,571 [1] - C_ZP3
2021-05-31 00:00:29,576 [1] - C_ZPMAX
2021-05-31 00:00:29,580 [1] - Cp3C1
2021-05-31 00:00:29,585 [1] - Cp3C2
2021-05-31 00:00:29,589 [1] - Cp3C3
2021-05-31 00:00:29,594 [1] - Cp3ND
2021-05-31 00:00:29,804 [1] - J100FJ
2021-05-31 00:00:29,873 [1] - J100GF
2021-05-31 00:00:29,888 [1] - J100KK
2021-05-31 00:00:29,903 [1] - J100ZD
2021-05-31 00:00:29,917 [1] - J100ZT
2021-05-31 00:00:29,932 [1] - J50FJ
2021-05-31 00:00:29,946 [1] - J50GF
2021-05-31 00:00:29,959 [1] - J50KK
2021-05-31 00:00:29,973 [1] - J50ZD
2021-05-31 00:00:29,986 [1] - J50ZT
2021-05-31 00:00:30,017 [1] - J_100FJ
2021-05-31 00:00:30,032 [1] - J_100GF
2021-05-31 00:00:30,047 [1] - J_100KK
2021-05-31 00:00:30,062 [1] - J_100ZD
2021-05-31 00:00:30,076 [1] - J_100ZT
2021-05-31 00:00:30,089 [1] - J_50FJ
2021-05-31 00:00:30,102 [1] - J_50GF
2021-05-31 00:00:30,115 [1] - J_50KK
2021-05-31 00:00:30,130 [1] - J_50ZD
2021-05-31 00:00:30,143 [1] - J_50ZT
2021-05-31 00:00:30,157 [1] - S100FJ
2021-05-31 00:00:30,170 [1] - S100GF
2021-05-31 00:00:30,185 [1] - S100KK
2021-05-31 00:00:30,200 [1] - S100ZD
2021-05-31 00:00:30,214 [1] - S100ZT
2021-05-31 00:00:30,227 [1] - S150FJ
2021-05-31 00:00:30,243 [1] - S150GF
2021-05-31 00:00:30,257 [1] - S150KK
2021-05-31 00:00:30,271 [1] - S150ZD
2021-05-31 00:00:30,285 [1] - S150ZT
2021-05-31 00:00:30,299 [1] - S50FJ
2021-05-31 00:00:30,313 [1] - S50GF
2021-05-31 00:00:30,327 [1] - S50KK
2021-05-31 00:00:30,340 [1] - S50ZD
2021-05-31 00:00:30,354 [1] - S50ZT
2021-05-31 00:00:30,394 [1] - S_100FJ
2021-05-31 00:00:30,436 [1] - S_100GF
2021-05-31 00:00:30,451 [1] - S_100KK
2021-05-31 00:00:30,464 [1] - S_100ZD
2021-05-31 00:00:30,479 [1] - S_100ZT
2021-05-31 00:00:30,493 [1] - S_150FJ
2021-05-31 00:00:30,507 [1] - S_150GF
2021-05-31 00:00:30,520 [1] - S_150KK
2021-05-31 00:00:30,533 [1] - S_150ZD
2021-05-31 00:00:30,545 [1] - S_150ZT
2021-05-31 00:00:30,559 [1] - S_50FJ
2021-05-31 00:00:30,573 [1] - S_50GF
2021-05-31 00:00:30,588 [1] - S_50KK
2021-05-31 00:00:30,603 [1] - S_50ZD
2021-05-31 00:00:30,619 [1] - S_50ZT
2021-05-31 00:00:30,624 [1] - 可开1000
2021-05-31 00:00:30,628 [1] - 可开250
2021-05-31 00:00:30,633 [1] - 可开350
2021-05-31 00:00:30,637 [1] - 可开500
2021-05-31 00:00:30,642 [1] - 可开700
2021-05-31 00:00:30,646 [1] - 可开pa
2021-05-31 00:00:30,652 [1] - 可开未渗漏风压
2021-05-31 00:00:30,684 [1] - 可开气密性能等级
2021-05-31 00:00:30,689 [1] - 可开水密性能等级
2021-05-31 00:00:30,704 [1] - 可开逢长
2021-05-31 00:00:30,708 [1] - 固定1000
2021-05-31 00:00:30,714 [1] - 固定1500
2021-05-31 00:00:30,718 [1] - 固定2000
2021-05-31 00:00:30,722 [1] - 固定500
2021-05-31 00:00:30,727 [1] - 固定700
2021-05-31 00:00:30,732 [1] - 固定pa
2021-05-31 00:00:30,736 [1] - 固定未渗漏风压
2021-05-31 00:00:30,741 [1] - 固定水密等级
2021-05-31 00:00:30,754 [1] - 大气压力
2021-05-31 00:00:30,818 [1] - 幕墙整体备注
2021-05-31 00:00:30,823 [1] - 抗风压备注1
2021-05-31 00:00:30,829 [1] - 抗风压备注2
2021-05-31 00:00:30,833 [1] - 抗风压备注3
2021-05-31 00:00:30,867 [1] - 样品名称重复1
2021-05-31 00:00:30,914 [1] - 样品名称重复2
2021-05-31 00:00:30,980 [1] - 样品名称重复3
2021-05-31 00:00:31,025 [1] - 样品名称重复4
2021-05-31 00:00:31,064 [1] - 样品名称重复5
2021-05-31 00:00:31,089 [1] - 样品名称重复6
2021-05-31 00:00:31,119 [1] - 检测地址1
2021-05-31 00:00:31,149 [1] - 检测地址2
2021-05-31 00:00:31,178 [1] - 检测地址3
2021-05-31 00:00:31,190 [1] - 检测地址4
2021-05-31 00:00:31,216 [1] - 检测地址5
2021-05-31 00:00:31,241 [1] - 检测地址6
2021-05-31 00:00:31,253 [1] - 检测地址7
2021-05-31 00:00:31,259 [1] - 检测方法
2021-05-31 00:00:31,271 [1] - 检测方法2
2021-05-31 00:00:31,284 [1] - 检验编号重复1
2021-05-31 00:00:31,328 [1] - 检验编号重复2
2021-05-31 00:00:31,370 [1] - 检验编号重复3
2021-05-31 00:00:31,399 [1] - 检验编号重复4
2021-05-31 00:00:31,424 [1] - 检验编号重复5
2021-05-31 00:00:31,454 [1] - 检验编号重复6
2021-05-31 00:00:31,503 [1] - 检验编号重复7
2021-05-31 00:00:31,561 [1] - 检验设备重复1
2021-05-31 00:00:31,590 [1] - 检验设备重复2
2021-05-31 00:00:31,620 [1] - 检验设备重复3
2021-05-31 00:00:31,631 [1] - 检验设备重复4
2021-05-31 00:00:31,656 [1] - 检验设备重复5
2021-05-31 00:00:31,682 [1] - 检验设备重复6
2021-05-31 00:00:31,696 [1] - 检验设备重复7
2021-05-31 00:00:31,711 [1] - 正压可开值
2021-05-31 00:00:31,725 [1] - 正压固附值
2021-05-31 00:00:31,738 [1] - 正压工程值
2021-05-31 00:00:31,752 [1] - 正压总的值
2021-05-31 00:00:31,765 [1] - 正压整体值
2021-05-31 00:00:31,779 [1] - 正压附加值
2021-05-31 00:00:31,793 [1] - 气密性能等级
2021-05-31 00:00:31,826 [1] - 水密备注
2021-05-31 00:00:31,841 [1] - 淋水流量
2021-05-31 00:00:31,870 [1] - 环境温度
2021-05-31 00:00:31,911 [1] - 规格型号重复1
2021-05-31 00:00:31,954 [1] - 规格型号重复2
2021-05-31 00:00:31,997 [1] - 规格型号重复3
2021-05-31 00:00:32,091 [1] - 规格型号重复4
2021-05-31 00:00:32,125 [1] - 规格型号重复5
2021-05-31 00:00:32,150 [1] - 规格型号重复6
2021-05-31 00:00:32,162 [1] - 试件层高
2021-05-31 00:00:32,191 [1] - 试件整体气密性能等级
2021-05-31 00:00:32,221 [1] - 试件面级
2021-05-31 00:00:32,235 [1] - 负压可开值
2021-05-31 00:00:32,249 [1] - 负压固附值
2021-05-31 00:00:32,263 [1] - 负压工程值
2021-05-31 00:00:32,277 [1] - 负压总的值
2021-05-31 00:00:32,291 [1] - 负压整体值
2021-05-31 00:00:32,306 [1] - 负压附加值
2021-05-31 00:00:32,320 [1] - 集流管直径
2021-05-31 00:00:32,414 [1] - System.Runtime.InteropServices.COMException (0x800A14EC): Word 无法保存此文件，因为它已在别处打开。 (C:\...\建筑幕墙抗风压性能检测记录表_20210522-7.doc)
   在 Microsoft.Office.Interop.Word.DocumentClass.SaveAs(Object& FileName, Object& FileFormat, Object& LockComments, Object& Password, Object& AddToRecentFiles, Object& WritePassword, Object& ReadOnlyRecommended, Object& EmbedTrueTypeFonts, Object& SaveNativePictureFormat, Object& SaveFormsData, Object& SaveAsAOCELetter, Object& Encoding, Object& InsertLineBreaks, Object& AllowSubstitutions, Object& LineEnding, Object& AddBiDiMarks)
   在 Young.Core.Common.WordUtility.GenerateWordByBookmarks(Dictionary`2 dc) 位置 E:\08-GitHub\jky-doors-3x-mqzhxn\Young.Core\Common\WordUtility.cs:行号 116
------------------------------------------------------------
2021-05-31 00:01:52,902 [1] - System.NullReferenceException: 未将对象引用设置到对象的实例。
   在 text.doors.Service.DAL_dt_sm_Info.GetSMListByCode(String code) 位置 E:\08-GitHub\jky-doors-3x-mqzhxn\text.doors\Service\DAL_dt_sm_Info.cs:行号 42
   在 text.doors.dal.DAL_dt_Settings.GetInfoByCode(String code) 位置 E:\08-GitHub\jky-doors-3x-mqzhxn\text.doors\Service\DAL_dt_Settings.cs:行号 211
   在 text.doors.Detection.ExportReport.Eexport(String fileName) 位置 E:\08-GitHub\jky-doors-3x-mqzhxn\text.doors\Detection\ExportReport.cs:行号 77
------------------------------------------------------------
2021-05-31 00:02:30,244 [1] - A_F1000A1
2021-05-31 00:02:30,265 [1] - A_F1000A2
2021-05-31 00:02:30,279 [1] - A_F1000A3
2021-05-31 00:02:30,295 [1] - A_F1000ND
2021-05-31 00:02:30,311 [1] - A_F1250A1
2021-05-31 00:02:30,325 [1] - A_F1250A2
2021-05-31 00:02:30,337 [1] - A_F1250A3
2021-05-31 00:02:30,350 [1] - A_F1250ND
2021-05-31 00:02:30,363 [1] - A_F1500A1
2021-05-31 00:02:30,376 [1] - A_F1500A2
2021-05-31 00:02:30,416 [1] - A_F1500A3
2021-05-31 00:02:30,457 [1] - A_F1500ND
2021-05-31 00:02:30,471 [1] - A_F1750A1
2021-05-31 00:02:30,484 [1] - A_F1750A2
2021-05-31 00:02:30,497 [1] - A_F1750A3
2021-05-31 00:02:30,510 [1] - A_F1750ND
2021-05-31 00:02:30,522 [1] - A_F2000A1
2021-05-31 00:02:30,534 [1] - A_F2000A2
2021-05-31 00:02:30,546 [1] - A_F2000A3
2021-05-31 00:02:30,559 [1] - A_F2000ND
2021-05-31 00:02:30,573 [1] - A_F250A1
2021-05-31 00:02:30,587 [1] - A_F250A2
2021-05-31 00:02:30,600 [1] - A_F250A3
2021-05-31 00:02:30,612 [1] - A_F250ND
2021-05-31 00:02:30,624 [1] - A_F500A1
2021-05-31 00:02:30,637 [1] - A_F500A2
2021-05-31 00:02:30,650 [1] - A_F500A3
2021-05-31 00:02:30,661 [1] - A_F500ND
2021-05-31 00:02:30,673 [1] - A_F750A1
2021-05-31 00:02:30,687 [1] - A_F750A2
2021-05-31 00:02:30,699 [1] - A_F750A3
2021-05-31 00:02:30,711 [1] - A_F750ND
2021-05-31 00:02:30,724 [1] - A_FP1
2021-05-31 00:02:30,736 [1] - A_FP2
2021-05-31 00:02:30,749 [1] - A_FP3
2021-05-31 00:02:30,762 [1] - A_FP3重复2
2021-05-31 00:02:30,855 [1] - A_FP3重复3
2021-05-31 00:02:31,005 [1] - A_FP3重复4
2021-05-31 00:02:31,039 [1] - A_FPMAX
2021-05-31 00:02:31,093 [1] - A_p3A1
2021-05-31 00:02:31,105 [1] - A_p3A2
2021-05-31 00:02:31,118 [1] - A_p3A3
2021-05-31 00:02:31,131 [1] - A_p3ND
2021-05-31 00:02:31,176 [1] - A_Z1000A1
2021-05-31 00:02:31,190 [1] - A_Z1000A2
2021-05-31 00:02:31,203 [1] - A_Z1000A3
2021-05-31 00:02:31,215 [1] - A_Z1000ND
2021-05-31 00:02:31,228 [1] - A_Z1250A1
2021-05-31 00:02:31,241 [1] - A_Z1250A2
2021-05-31 00:02:31,253 [1] - A_Z1250A3
2021-05-31 00:02:31,266 [1] - A_Z1250ND
2021-05-31 00:02:31,278 [1] - A_Z1500A1
2021-05-31 00:02:31,291 [1] - A_Z1500A2
2021-05-31 00:02:31,303 [1] - A_Z1500A3
2021-05-31 00:02:31,316 [1] - A_Z1500ND
2021-05-31 00:02:31,328 [1] - A_Z1750A1
2021-05-31 00:02:31,341 [1] - A_Z1750A2
2021-05-31 00:02:31,353 [1] - A_Z1750A3
2021-05-31 00:02:31,366 [1] - A_Z1750ND
2021-05-31 00:02:31,380 [1] - A_Z2000A1
2021-05-31 00:02:31,394 [1] - A_Z2000A2
2021-05-31 00:02:31,406 [1] - A_Z2000A3
2021-05-31 00:02:31,419 [1] - A_Z2000ND
2021-05-31 00:02:31,451 [1] - A_Z250A1
2021-05-31 00:02:31,463 [1] - A_Z250A2
2021-05-31 00:02:31,475 [1] - A_Z250A3
2021-05-31 00:02:31,487 [1] - A_Z250ND
2021-05-31 00:02:31,524 [1] - A_Z500A1
2021-05-31 00:02:31,563 [1] - A_Z500A2
2021-05-31 00:02:31,577 [1] - A_Z500A3
2021-05-31 00:02:31,591 [1] - A_Z500ND
2021-05-31 00:02:31,604 [1] - A_Z750A1
2021-05-31 00:02:31,618 [1] - A_Z750A2
2021-05-31 00:02:31,632 [1] - A_Z750A3
2021-05-31 00:02:31,645 [1] - A_Z750ND
2021-05-31 00:02:31,657 [1] - A_ZP1
2021-05-31 00:02:31,670 [1] - A_ZP2
2021-05-31 00:02:31,682 [1] - A_ZP3
2021-05-31 00:02:31,695 [1] - A_ZP3重复2
2021-05-31 00:02:31,742 [1] - A_ZP3重复3
2021-05-31 00:02:31,788 [1] - A_ZP3重复4
2021-05-31 00:02:31,822 [1] - A_ZPMAX
2021-05-31 00:02:31,875 [1] - Ap3A1
2021-05-31 00:02:31,887 [1] - Ap3A2
2021-05-31 00:02:31,899 [1] - Ap3A3
2021-05-31 00:02:31,912 [1] - Ap3ND
2021-05-31 00:02:31,957 [1] - B_F1000B1
2021-05-31 00:02:31,973 [1] - B_F1000B2
2021-05-31 00:02:31,985 [1] - B_F1000B3
2021-05-31 00:02:31,999 [1] - B_F1000ND
2021-05-31 00:02:32,014 [1] - B_F1250B1
2021-05-31 00:02:32,028 [1] - B_F1250B2
2021-05-31 00:02:32,042 [1] - B_F1250B3
2021-05-31 00:02:32,104 [1] - B_F1250ND
2021-05-31 00:02:32,136 [1] - B_F1500B1
2021-05-31 00:02:32,149 [1] - B_F1500B2
2021-05-31 00:02:32,161 [1] - B_F1500B3
2021-05-31 00:02:32,174 [1] - B_F1500ND
2021-05-31 00:02:32,188 [1] - B_F1750B1
2021-05-31 00:02:32,202 [1] - B_F1750B2
2021-05-31 00:02:32,218 [1] - B_F1750B3
2021-05-31 00:02:32,232 [1] - B_F1750ND
2021-05-31 00:02:32,266 [1] - B_F2000B1
2021-05-31 00:02:32,279 [1] - B_F2000B2
2021-05-31 00:02:32,292 [1] - B_F2000B3
2021-05-31 00:02:32,304 [1] - B_F2000ND
2021-05-31 00:02:32,317 [1] - B_F250B1
2021-05-31 00:02:32,330 [1] - B_F250B2
2021-05-31 00:02:32,343 [1] - B_F250B3
2021-05-31 00:02:32,355 [1] - B_F250ND
2021-05-31 00:02:32,368 [1] - B_F500B1
2021-05-31 00:02:32,381 [1] - B_F500B2
2021-05-31 00:02:32,393 [1] - B_F500B3
2021-05-31 00:02:32,406 [1] - B_F500ND
2021-05-31 00:02:32,420 [1] - B_F750B1
2021-05-31 00:02:32,434 [1] - B_F750B2
2021-05-31 00:02:32,448 [1] - B_F750B3
2021-05-31 00:02:32,462 [1] - B_F750ND
2021-05-31 00:02:32,495 [1] - B_FP1
2021-05-31 00:02:32,508 [1] - B_FP2
2021-05-31 00:02:32,540 [1] - B_FP3
2021-05-31 00:02:32,552 [1] - B_FPMAX
2021-05-31 00:02:32,564 [1] - B_p3B1
2021-05-31 00:02:32,578 [1] - B_p3B2
2021-05-31 00:02:32,592 [1] - B_p3B3
2021-05-31 00:02:32,657 [1] - B_p3ND
2021-05-31 00:02:32,671 [1] - B_Z1000B1
2021-05-31 00:02:32,684 [1] - B_Z1000B2
2021-05-31 00:02:32,697 [1] - B_Z1000B3
2021-05-31 00:02:32,711 [1] - B_Z1000ND
2021-05-31 00:02:32,724 [1] - B_Z1250B1
2021-05-31 00:02:32,736 [1] - B_Z1250B2
2021-05-31 00:02:32,748 [1] - B_Z1250B3
2021-05-31 00:02:32,760 [1] - B_Z1250ND
2021-05-31 00:02:32,773 [1] - B_Z1500B1
2021-05-31 00:02:32,786 [1] - B_Z1500B2
2021-05-31 00:02:32,798 [1] - B_Z1500B3
2021-05-31 00:02:32,811 [1] - B_Z1500ND
2021-05-31 00:02:32,827 [1] - B_Z1750B1
2021-05-31 00:02:32,840 [1] - B_Z1750B2
2021-05-31 00:02:32,853 [1] - B_Z1750B3
2021-05-31 00:02:32,867 [1] - B_Z1750BND
2021-05-31 00:02:32,879 [1] - B_Z2000B1
2021-05-31 00:02:32,892 [1] - B_Z2000B2
2021-05-31 00:02:32,904 [1] - B_Z2000B3
2021-05-31 00:02:32,916 [1] - B_Z2000ND
2021-05-31 00:02:32,929 [1] - B_Z250B1
2021-05-31 00:02:32,941 [1] - B_Z250B2
2021-05-31 00:02:32,953 [1] - B_Z250B3
2021-05-31 00:02:32,966 [1] - B_Z250ND
2021-05-31 00:02:32,979 [1] - B_Z500B1
2021-05-31 00:02:32,992 [1] - B_Z500B2
2021-05-31 00:02:33,004 [1] - B_Z500B3
2021-05-31 00:02:33,019 [1] - B_Z500ND
2021-05-31 00:02:33,033 [1] - B_Z750B1
2021-05-31 00:02:33,046 [1] - B_Z750B2
2021-05-31 00:02:33,059 [1] - B_Z750B3
2021-05-31 00:02:33,072 [1] - B_Z750ND
2021-05-31 00:02:33,084 [1] - B_ZP1
2021-05-31 00:02:33,096 [1] - B_ZP2
2021-05-31 00:02:33,109 [1] - B_ZP3
2021-05-31 00:02:33,121 [1] - B_ZPMAX
2021-05-31 00:02:33,133 [1] - Bp3B1
2021-05-31 00:02:33,146 [1] - Bp3B2
2021-05-31 00:02:33,183 [1] - Bp3B3
2021-05-31 00:02:33,226 [1] - Bp3ND
2021-05-31 00:02:33,276 [1] - C_F1000B1
2021-05-31 00:02:33,289 [1] - C_F1000B2
2021-05-31 00:02:33,302 [1] - C_F1000B3
2021-05-31 00:02:33,314 [1] - C_F1000ND
2021-05-31 00:02:33,327 [1] - C_F1250B1
2021-05-31 00:02:33,340 [1] - C_F1250B2
2021-05-31 00:02:33,353 [1] - C_F1250B3
2021-05-31 00:02:33,365 [1] - C_F1250ND
2021-05-31 00:02:33,398 [1] - C_F1500B1
2021-05-31 00:02:33,410 [1] - C_F1500B2
2021-05-31 00:02:33,423 [1] - C_F1500B3
2021-05-31 00:02:33,439 [1] - C_F1500ND
2021-05-31 00:02:33,453 [1] - C_F1750B1
2021-05-31 00:02:33,466 [1] - C_F1750B2
2021-05-31 00:02:33,480 [1] - C_F1750B3
2021-05-31 00:02:33,493 [1] - C_F1750ND
2021-05-31 00:02:33,526 [1] - C_F2000B1
2021-05-31 00:02:33,539 [1] - C_F2000B2
2021-05-31 00:02:33,551 [1] - C_F2000B3
2021-05-31 00:02:33,564 [1] - C_F2000ND
2021-05-31 00:02:33,576 [1] - C_F250B1
2021-05-31 00:02:33,589 [1] - C_F250B2
2021-05-31 00:02:33,601 [1] - C_F250B3
2021-05-31 00:02:33,613 [1] - C_F250ND
2021-05-31 00:02:33,626 [1] - C_F500B1
2021-05-31 00:02:33,639 [1] - C_F500B2
2021-05-31 00:02:33,653 [1] - C_F500B3
2021-05-31 00:02:33,666 [1] - C_F500ND
2021-05-31 00:02:33,679 [1] - C_F750B1
2021-05-31 00:02:33,691 [1] - C_F750B2
2021-05-31 00:02:33,703 [1] - C_F750B3
2021-05-31 00:02:33,769 [1] - C_F750ND
2021-05-31 00:02:33,806 [1] - C_FP1
2021-05-31 00:02:33,823 [1] - C_FP2
2021-05-31 00:02:33,861 [1] - C_FP3
2021-05-31 00:02:33,875 [1] - C_FPMAX
2021-05-31 00:02:33,888 [1] - C_p3C1
2021-05-31 00:02:33,901 [1] - C_p3C2
2021-05-31 00:02:33,913 [1] - C_p3C3
2021-05-31 00:02:33,926 [1] - C_p3ND
2021-05-31 00:02:33,938 [1] - C_Z1000C1
2021-05-31 00:02:33,951 [1] - C_Z1000C2
2021-05-31 00:02:33,964 [1] - C_Z1000C3
2021-05-31 00:02:33,977 [1] - C_Z1000ND
2021-05-31 00:02:33,989 [1] - C_Z1250C1
2021-05-31 00:02:34,002 [1] - C_Z1250C2
2021-05-31 00:02:34,014 [1] - C_Z1250C3
2021-05-31 00:02:34,027 [1] - C_Z1250ND
2021-05-31 00:02:34,039 [1] - C_Z1500C1
2021-05-31 00:02:34,053 [1] - C_Z1500C2
2021-05-31 00:02:34,067 [1] - C_Z1500C3
2021-05-31 00:02:34,079 [1] - C_Z1500ND
2021-05-31 00:02:34,093 [1] - C_Z1750C1
2021-05-31 00:02:34,104 [1] - C_Z1750C2
2021-05-31 00:02:34,117 [1] - C_Z1750C3
2021-05-31 00:02:34,129 [1] - C_Z1750ND
2021-05-31 00:02:34,142 [1] - C_Z2000C1
2021-05-31 00:02:34,158 [1] - C_Z2000C2
2021-05-31 00:02:34,171 [1] - C_Z2000C3
2021-05-31 00:02:34,185 [1] - C_Z2000ND
2021-05-31 00:02:34,197 [1] - C_Z250C1
2021-05-31 00:02:34,210 [1] - C_Z250C2
2021-05-31 00:02:34,222 [1] - C_Z250C3
2021-05-31 00:02:34,234 [1] - C_Z250ND
2021-05-31 00:02:34,247 [1] - C_Z500C1
2021-05-31 00:02:34,262 [1] - C_Z500C2
2021-05-31 00:02:34,330 [1] - C_Z500C3
2021-05-31 00:02:34,343 [1] - C_Z500ND
2021-05-31 00:02:34,357 [1] - C_Z750C1
2021-05-31 00:02:34,371 [1] - C_Z750C2
2021-05-31 00:02:34,383 [1] - C_Z750C3
2021-05-31 00:02:34,396 [1] - C_Z750ND
2021-05-31 00:02:34,408 [1] - C_ZP1
2021-05-31 00:02:34,421 [1] - C_ZP2
2021-05-31 00:02:34,433 [1] - C_ZP3
2021-05-31 00:02:34,447 [1] - C_ZPMAX
2021-05-31 00:02:34,459 [1] - Cp3C1
2021-05-31 00:02:34,473 [1] - Cp3C2
2021-05-31 00:02:34,489 [1] - Cp3C3
2021-05-31 00:02:34,501 [1] - Cp3ND
2021-05-31 00:02:34,565 [1] - J100FJ
2021-05-31 00:02:34,580 [1] - J100GF
2021-05-31 00:02:34,595 [1] - J100KK
2021-05-31 00:02:34,609 [1] - J100ZD
2021-05-31 00:02:34,624 [1] - J100ZT
2021-05-31 00:02:34,639 [1] - J50FJ
2021-05-31 00:02:34,654 [1] - J50GF
2021-05-31 00:02:34,669 [1] - J50KK
2021-05-31 00:02:34,682 [1] - J50ZD
2021-05-31 00:02:34,696 [1] - J50ZT
2021-05-31 00:02:34,725 [1] - J_100FJ
2021-05-31 00:02:34,739 [1] - J_100GF
2021-05-31 00:02:34,753 [1] - J_100KK
2021-05-31 00:02:34,766 [1] - J_100ZD
2021-05-31 00:02:34,780 [1] - J_100ZT
2021-05-31 00:02:34,795 [1] - J_50FJ
2021-05-31 00:02:34,808 [1] - J_50GF
2021-05-31 00:02:34,875 [1] - J_50KK
2021-05-31 00:02:34,891 [1] - J_50ZD
2021-05-31 00:02:34,907 [1] - J_50ZT
2021-05-31 00:02:34,923 [1] - S100FJ
2021-05-31 00:02:34,937 [1] - S100GF
2021-05-31 00:02:34,950 [1] - S100KK
2021-05-31 00:02:34,964 [1] - S100ZD
2021-05-31 00:02:34,978 [1] - S100ZT
2021-05-31 00:02:34,992 [1] - S150FJ
2021-05-31 00:02:35,007 [1] - S150GF
2021-05-31 00:02:35,020 [1] - S150KK
2021-05-31 00:02:35,035 [1] - S150ZD
2021-05-31 00:02:35,050 [1] - S150ZT
2021-05-31 00:02:35,064 [1] - S50FJ
2021-05-31 00:02:35,079 [1] - S50GF
2021-05-31 00:02:35,094 [1] - S50KK
2021-05-31 00:02:35,108 [1] - S50ZD
2021-05-31 00:02:35,122 [1] - S50ZT
2021-05-31 00:02:35,136 [1] - S_100FJ
2021-05-31 00:02:35,149 [1] - S_100GF
2021-05-31 00:02:35,163 [1] - S_100KK
2021-05-31 00:02:35,177 [1] - S_100ZD
2021-05-31 00:02:35,190 [1] - S_100ZT
2021-05-31 00:02:35,204 [1] - S_150FJ
2021-05-31 00:02:35,217 [1] - S_150GF
2021-05-31 00:02:35,230 [1] - S_150KK
2021-05-31 00:02:35,244 [1] - S_150ZD
2021-05-31 00:02:35,257 [1] - S_150ZT
2021-05-31 00:02:35,272 [1] - S_50FJ
2021-05-31 00:02:35,287 [1] - S_50GF
2021-05-31 00:02:35,301 [1] - S_50KK
2021-05-31 00:02:35,315 [1] - S_50ZD
2021-05-31 00:02:35,329 [1] - S_50ZT
2021-05-31 00:02:35,334 [1] - 可开1000
2021-05-31 00:02:35,339 [1] - 可开250
2021-05-31 00:02:35,434 [1] - 可开350
2021-05-31 00:02:35,439 [1] - 可开500
2021-05-31 00:02:35,443 [1] - 可开700
2021-05-31 00:02:35,448 [1] - 可开pa
2021-05-31 00:02:35,474 [1] - 可开未渗漏风压
2021-05-31 00:02:35,503 [1] - 可开气密性能等级
2021-05-31 00:02:35,538 [1] - 可开水密性能等级
2021-05-31 00:02:35,567 [1] - 可开逢长
2021-05-31 00:02:35,572 [1] - 固定1000
2021-05-31 00:02:35,605 [1] - 固定1500
2021-05-31 00:02:35,610 [1] - 固定2000
2021-05-31 00:02:35,615 [1] - 固定500
2021-05-31 00:02:35,620 [1] - 固定700
2021-05-31 00:02:35,625 [1] - 固定pa
2021-05-31 00:02:35,649 [1] - 固定未渗漏风压
2021-05-31 00:02:35,664 [1] - 固定水密等级
2021-05-31 00:02:35,695 [1] - 大气压力
2021-05-31 00:02:35,730 [1] - 幕墙整体备注
2021-05-31 00:02:35,763 [1] - 抗风压备注1
2021-05-31 00:02:35,811 [1] - 抗风压备注2
2021-05-31 00:02:35,858 [1] - 抗风压备注3
2021-05-31 00:02:35,891 [1] - 样品名称重复1
2021-05-31 00:02:35,986 [1] - 样品名称重复2
2021-05-31 00:02:36,033 [1] - 样品名称重复3
2021-05-31 00:02:36,077 [1] - 样品名称重复4
2021-05-31 00:02:36,119 [1] - 样品名称重复5
2021-05-31 00:02:36,144 [1] - 样品名称重复6
2021-05-31 00:02:36,172 [1] - 检测地址1
2021-05-31 00:02:36,202 [1] - 检测地址2
2021-05-31 00:02:36,232 [1] - 检测地址3
2021-05-31 00:02:36,244 [1] - 检测地址4
2021-05-31 00:02:36,273 [1] - 检测地址5
2021-05-31 00:02:36,300 [1] - 检测地址6
2021-05-31 00:02:36,317 [1] - 检测地址7
2021-05-31 00:02:36,334 [1] - 检测方法
2021-05-31 00:02:36,359 [1] - 检测方法2
2021-05-31 00:02:36,371 [1] - 检验编号重复1
2021-05-31 00:02:36,415 [1] - 检验编号重复2
2021-05-31 00:02:36,458 [1] - 检验编号重复3
2021-05-31 00:02:36,539 [1] - 检验编号重复4
2021-05-31 00:02:36,563 [1] - 检验编号重复5
2021-05-31 00:02:36,595 [1] - 检验编号重复6
2021-05-31 00:02:36,619 [1] - 检验编号重复7
2021-05-31 00:02:36,649 [1] - 检验设备重复1
2021-05-31 00:02:36,678 [1] - 检验设备重复2
2021-05-31 00:02:36,710 [1] - 检验设备重复3
2021-05-31 00:02:36,722 [1] - 检验设备重复4
2021-05-31 00:02:36,748 [1] - 检验设备重复5
2021-05-31 00:02:36,775 [1] - 检验设备重复6
2021-05-31 00:02:36,789 [1] - 检验设备重复7
2021-05-31 00:02:36,805 [1] - 正压可开值
2021-05-31 00:02:36,820 [1] - 正压固附值
2021-05-31 00:02:36,834 [1] - 正压工程值
2021-05-31 00:02:36,849 [1] - 正压总的值
2021-05-31 00:02:36,863 [1] - 正压整体值
2021-05-31 00:02:36,876 [1] - 正压附加值
2021-05-31 00:02:36,890 [1] - 气密性能等级
2021-05-31 00:02:36,926 [1] - 水密备注
2021-05-31 00:02:36,941 [1] - 淋水流量
2021-05-31 00:02:36,971 [1] - 环境温度
2021-05-31 00:02:37,010 [1] - 规格型号重复1
2021-05-31 00:02:37,093 [1] - 规格型号重复2
2021-05-31 00:02:37,140 [1] - 规格型号重复3
2021-05-31 00:02:37,184 [1] - 规格型号重复4
2021-05-31 00:02:37,217 [1] - 规格型号重复5
2021-05-31 00:02:37,243 [1] - 规格型号重复6
2021-05-31 00:02:37,255 [1] - 试件层高
2021-05-31 00:02:37,285 [1] - 试件整体气密性能等级
2021-05-31 00:02:37,316 [1] - 试件面级
2021-05-31 00:02:37,332 [1] - 负压可开值
2021-05-31 00:02:37,346 [1] - 负压固附值
2021-05-31 00:02:37,360 [1] - 负压工程值
2021-05-31 00:02:37,375 [1] - 负压总的值
2021-05-31 00:02:37,388 [1] - 负压整体值
2021-05-31 00:02:37,402 [1] - 负压附加值
2021-05-31 00:02:37,416 [1] - 集流管直径
