------------------------------------------------------------
------------------------------------------------------------
------------------------------------------------------------
------------------------------------------------------------
2021-06-21 21:23:47,053 [6] - System.ObjectDisposedException: 无法访问已释放的对象。
对象名:“Label”。
   在 System.Windows.Forms.Control.MarshaledInvoke(Control caller, Delegate method, Object[] args, Boolean synchronous)
   在 System.Windows.Forms.Control.Invoke(Delegate method, Object[] args)
   在 text.doors.Detection.WindPressureDetection.readTimerA(Object state) 位置 E:\08-GitHub\jky-doors-3x-mqzhxn\text.doors\Detection\WindPressureDetection.cs:行号 209
   在 System.Threading.TimerQueueTimer.CallCallbackInContext(Object state)
   在 System.Threading.ExecutionContext.RunInternal(ExecutionContext executionContext, ContextCallback callback, Object state, Boolean preserveSyncCtx)
   在 System.Threading.ExecutionContext.Run(ExecutionContext executionContext, ContextCallback callback, Object state, Boolean preserveSyncCtx)
   在 System.Threading.TimerQueueTimer.CallCallback()
   在 System.Threading.TimerQueueTimer.Fire()
   在 System.Threading.TimerQueue.FireNextTimers()
   在 System.Threading.TimerQueue.AppDomainTimerCallback(Int32 id)
------------------------------------------------------------
------------------------------------------------------------
------------------------------------------------------------
------------------------------------------------------------
------------------------------------------------------------
------------------------------------------------------------
2021-06-21 23:11:38,506 [1] - System.Runtime.InteropServices.COMException (0x800A14EC): Word 无法保存此文件，因为它已在别处打开。 (C:\...\建筑幕墙抗风压性能检测记录表_20210721-2.doc)
   在 Microsoft.Office.Interop.Word.DocumentClass.SaveAs(Object& FileName, Object& FileFormat, Object& LockComments, Object& Password, Object& AddToRecentFiles, Object& WritePassword, Object& ReadOnlyRecommended, Object& EmbedTrueTypeFonts, Object& SaveNativePictureFormat, Object& SaveFormsData, Object& SaveAsAOCELetter, Object& Encoding, Object& InsertLineBreaks, Object& AllowSubstitutions, Object& LineEnding, Object& AddBiDiMarks)
   在 Young.Core.Common.WordUtility.GenerateWordByBookmarks(Dictionary`2 dc) 位置 E:\08-GitHub\jky-doors-3x-mqzhxn\Young.Core\Common\WordUtility.cs:行号 116
------------------------------------------------------------
------------------------------------------------------------
2021-06-21 23:20:13,320 [1] - System.Runtime.InteropServices.COMException (0x800A14EC): Word 无法保存此文件，因为它已在别处打开。 (C:\...\建筑幕墙抗风压性能检测记录表_20210721-2.doc)
   在 Microsoft.Office.Interop.Word.DocumentClass.SaveAs(Object& FileName, Object& FileFormat, Object& LockComments, Object& Password, Object& AddToRecentFiles, Object& WritePassword, Object& ReadOnlyRecommended, Object& EmbedTrueTypeFonts, Object& SaveNativePictureFormat, Object& SaveFormsData, Object& SaveAsAOCELetter, Object& Encoding, Object& InsertLineBreaks, Object& AllowSubstitutions, Object& LineEnding, Object& AddBiDiMarks)
   在 Young.Core.Common.WordUtility.GenerateWordByBookmarks(Dictionary`2 dc) 位置 E:\08-GitHub\jky-doors-3x-mqzhxn\Young.Core\Common\WordUtility.cs:行号 116
------------------------------------------------------------
